yowshare/android/app/build/intermediates/manifest_merge_blame_file/release/processReleaseMainManifest/manifest-merger-blame-release-report.txt
1<?xml version="1.0" encoding="utf-8"?>
2<manifest xmlns:android="http://schemas.android.com/apk/res/android"
3    package="com.example.yowshare"
4    android:versionCode="1"
5    android:versionName="1.0.0" >
6
7    <uses-sdk
8        android:minSdkVersion="24"
9        android:targetSdkVersion="36" />
10
11    <!--
12         =======================================
13         PERMISSIONS (YOWSHARE REQUIRED)
14         =======================================
15    -->
16    <uses-permission android:name="android.permission.INTERNET" />
16-->src\main\AndroidManifest.xml:6:5-66
16-->src\main\AndroidManifest.xml:6:22-64
17    <uses-permission android:name="android.permission.ACCESS_NETWORK_STATE" />
17-->src\main\AndroidManifest.xml:7:5-78
17-->src\main\AndroidManifest.xml:7:22-76
18    <uses-permission android:name="android.permission.ACCESS_WIFI_STATE" />
18-->src\main\AndroidManifest.xml:8:5-75
18-->src\main\AndroidManifest.xml:8:22-73
19    <uses-permission android:name="android.permission.POST_NOTIFICATIONS" />
19-->src\main\AndroidManifest.xml:9:5-76
19-->src\main\AndroidManifest.xml:9:22-74
20
21    <!-- Storage access (Android 12 and below) -->
22    <uses-permission android:name="android.permission.READ_EXTERNAL_STORAGE" />
22-->src\main\AndroidManifest.xml:12:5-79
22-->src\main\AndroidManifest.xml:12:22-77
23    <uses-permission
23-->src\main\AndroidManifest.xml:13:5-15:38
24        android:name="android.permission.WRITE_EXTERNAL_STORAGE"
24-->src\main\AndroidManifest.xml:14:9-65
25        android:maxSdkVersion="28" />
25-->src\main\AndroidManifest.xml:15:9-35
26
27    <!-- Android 13+ media permissions -->
28    <uses-permission android:name="android.permission.READ_MEDIA_IMAGES" />
28-->src\main\AndroidManifest.xml:18:5-75
28-->src\main\AndroidManifest.xml:18:22-73
29    <uses-permission android:name="android.permission.READ_MEDIA_VIDEO" />
29-->src\main\AndroidManifest.xml:19:5-74
29-->src\main\AndroidManifest.xml:19:22-72
30    <uses-permission android:name="android.permission.READ_MEDIA_AUDIO" />
30-->src\main\AndroidManifest.xml:20:5-74
30-->src\main\AndroidManifest.xml:20:22-72
31
32    <!-- Optional: used for better LAN discovery (Android 10+) -->
33    <uses-permission android:name="android.permission.ACCESS_FINE_LOCATION" />
33-->src\main\AndroidManifest.xml:23:5-78
33-->src\main\AndroidManifest.xml:23:22-76
34    <uses-permission android:name="android.permission.ACCESS_COARSE_LOCATION" />
34-->src\main\AndroidManifest.xml:24:5-80
34-->src\main\AndroidManifest.xml:24:22-78
35
36    <!-- Flutter needs this for text processing plugin -->
37    <queries>
37-->src\main\AndroidManifest.xml:66:5-71:15
38        <intent>
38-->src\main\AndroidManifest.xml:67:9-70:18
39            <action android:name="android.intent.action.PROCESS_TEXT" />
39-->src\main\AndroidManifest.xml:68:13-72
39-->src\main\AndroidManifest.xml:68:21-70
40
41            <data android:mimeType="text/plain" />
41-->src\main\AndroidManifest.xml:69:13-50
41-->src\main\AndroidManifest.xml:69:19-48
42        </intent>
43        <intent>
43-->[:file_picker] AndroidManifest.xml:8:9-12:18
44            <action android:name="android.intent.action.GET_CONTENT" />
44-->[:file_picker] AndroidManifest.xml:9:13-72
44-->[:file_picker] AndroidManifest.xml:9:21-69
45
46            <data android:mimeType="*/*" />
46-->src\main\AndroidManifest.xml:69:13-50
46-->src\main\AndroidManifest.xml:69:19-48
47        </intent>
48    </queries>
49
50    <uses-permission android:name="android.permission.VIBRATE" />
50-->[:flutter_local_notifications] AndroidManifest.xml:7:5-66
50-->[:flutter_local_notifications] AndroidManifest.xml:7:22-63
51
52    <permission
52-->[androidx.core:core:1.13.1] AndroidManifest.xml:22:5-24:47
53        android:name="com.example.yowshare.DYNAMIC_RECEIVER_NOT_EXPORTED_PERMISSION"
53-->[androidx.core:core:1.13.1] AndroidManifest.xml:23:9-81
54        android:protectionLevel="signature" />
54-->[androidx.core:core:1.13.1] AndroidManifest.xml:24:9-44
55
56    <uses-permission android:name="com.example.yowshare.DYNAMIC_RECEIVER_NOT_EXPORTED_PERMISSION" />
56-->[androidx.core:core:1.13.1] AndroidManifest.xml:26:5-97
56-->[androidx.core:core:1.13.1] AndroidManifest.xml:26:22-94
57    <!--
58 =======================================
59         APPLICATION
60         =======================================
61    -->
62    <application
63        android:name="android.app.Application"
63-->src\main\AndroidManifest.xml:31:9-42
64        android:appComponentFactory="androidx.core.app.CoreComponentFactory"
64-->[androidx.core:core:1.13.1] AndroidManifest.xml:28:18-86
65        android:extractNativeLibs="true"
66        android:icon="@mipmap/ic_launcher"
66-->src\main\AndroidManifest.xml:32:9-43
67        android:label="YOWShare"
67-->src\main\AndroidManifest.xml:30:9-33
68        android:usesCleartextTraffic="true" >
68-->src\main\AndroidManifest.xml:33:9-44
69        <activity
69-->src\main\AndroidManifest.xml:35:9-57:20
70            android:name="com.example.yowshare.MainActivity"
70-->src\main\AndroidManifest.xml:36:13-41
71            android:configChanges="orientation|keyboardHidden|keyboard|screenSize|                                    smallestScreenSize|locale|layoutDirection|                                    fontScale|screenLayout|density|uiMode"
71-->src\main\AndroidManifest.xml:41:13-237
72            android:exported="true"
72-->src\main\AndroidManifest.xml:37:13-36
73            android:hardwareAccelerated="true"
73-->src\main\AndroidManifest.xml:44:13-47
74            android:launchMode="singleTop"
74-->src\main\AndroidManifest.xml:38:13-43
75            android:taskAffinity=""
75-->src\main\AndroidManifest.xml:39:13-36
76            android:theme="@style/LaunchTheme"
76-->src\main\AndroidManifest.xml:40:13-47
77            android:windowSoftInputMode="adjustResize" >
77-->src\main\AndroidManifest.xml:45:13-55
78
79            <!-- This theme is used before Flutter renders -->
80            <meta-data
80-->src\main\AndroidManifest.xml:48:13-50:57
81                android:name="io.flutter.embedding.android.NormalTheme"
81-->src\main\AndroidManifest.xml:49:17-72
82                android:resource="@style/NormalTheme" />
82-->src\main\AndroidManifest.xml:50:17-54
83
84            <!-- Main launcher -->
85            <intent-filter>
85-->src\main\AndroidManifest.xml:53:13-56:29
86                <action android:name="android.intent.action.MAIN" />
86-->src\main\AndroidManifest.xml:54:17-68
86-->src\main\AndroidManifest.xml:54:25-66
87
88                <category android:name="android.intent.category.LAUNCHER" />
88-->src\main\AndroidManifest.xml:55:17-76
88-->src\main\AndroidManifest.xml:55:27-74
89            </intent-filter>
90        </activity>
91
92        <!-- Flutter registration, DO NOT MODIFY -->
93        <meta-data
93-->src\main\AndroidManifest.xml:60:9-62:33
94            android:name="flutterEmbedding"
94-->src\main\AndroidManifest.xml:61:13-44
95            android:value="2" />
95-->src\main\AndroidManifest.xml:62:13-30
96
97        <uses-library
97-->[androidx.window:window:1.2.0] AndroidManifest.xml:23:9-25:40
98            android:name="androidx.window.extensions"
98-->[androidx.window:window:1.2.0] AndroidManifest.xml:24:13-54
99            android:required="false" />
99-->[androidx.window:window:1.2.0] AndroidManifest.xml:25:13-37
100        <uses-library
100-->[androidx.window:window:1.2.0] AndroidManifest.xml:26:9-28:40
101            android:name="androidx.window.sidecar"
101-->[androidx.window:window:1.2.0] AndroidManifest.xml:27:13-51
102            android:required="false" />
102-->[androidx.window:window:1.2.0] AndroidManifest.xml:28:13-37
103
104        <provider
104-->[androidx.lifecycle:lifecycle-process:2.7.0] AndroidManifest.xml:24:9-32:20
105            android:name="androidx.startup.InitializationProvider"
105-->[androidx.lifecycle:lifecycle-process:2.7.0] AndroidManifest.xml:25:13-67
106            android:authorities="com.example.yowshare.androidx-startup"
106-->[androidx.lifecycle:lifecycle-process:2.7.0] AndroidManifest.xml:26:13-68
107            android:exported="false" >
107-->[androidx.lifecycle:lifecycle-process:2.7.0] AndroidManifest.xml:27:13-37
108            <meta-data
108-->[androidx.lifecycle:lifecycle-process:2.7.0] AndroidManifest.xml:29:13-31:52
109                android:name="androidx.lifecycle.ProcessLifecycleInitializer"
109-->[androidx.lifecycle:lifecycle-process:2.7.0] AndroidManifest.xml:30:17-78
110                android:value="androidx.startup" />
110-->[androidx.lifecycle:lifecycle-process:2.7.0] AndroidManifest.xml:31:17-49
111            <meta-data
111-->[androidx.profileinstaller:profileinstaller:1.3.1] AndroidManifest.xml:29:13-31:52
112                android:name="androidx.profileinstaller.ProfileInstallerInitializer"
112-->[androidx.profileinstaller:profileinstaller:1.3.1] AndroidManifest.xml:30:17-85
113                android:value="androidx.startup" />
113-->[androidx.profileinstaller:profileinstaller:1.3.1] AndroidManifest.xml:31:17-49
114        </provider>
115
116        <receiver
116-->[androidx.profileinstaller:profileinstaller:1.3.1] AndroidManifest.xml:34:9-52:20
117            android:name="androidx.profileinstaller.ProfileInstallReceiver"
117-->[androidx.profileinstaller:profileinstaller:1.3.1] AndroidManifest.xml:35:13-76
118            android:directBootAware="false"
118-->[androidx.profileinstaller:profileinstaller:1.3.1] AndroidManifest.xml:36:13-44
119            android:enabled="true"
119-->[androidx.profileinstaller:profileinstaller:1.3.1] AndroidManifest.xml:37:13-35
120            android:exported="true"
120-->[androidx.profileinstaller:profileinstaller:1.3.1] AndroidManifest.xml:38:13-36
121            android:permission="android.permission.DUMP" >
121-->[androidx.profileinstaller:profileinstaller:1.3.1] AndroidManifest.xml:39:13-57
122            <intent-filter>
122-->[androidx.profileinstaller:profileinstaller:1.3.1] AndroidManifest.xml:40:13-42:29
123                <action android:name="androidx.profileinstaller.action.INSTALL_PROFILE" />
123-->[androidx.profileinstaller:profileinstaller:1.3.1] AndroidManifest.xml:41:17-91
123-->[androidx.profileinstaller:profileinstaller:1.3.1] AndroidManifest.xml:41:25-88
124            </intent-filter>
125            <intent-filter>
125-->[androidx.profileinstaller:profileinstaller:1.3.1] AndroidManifest.xml:43:13-45:29
126                <action android:name="androidx.profileinstaller.action.SKIP_FILE" />
126-->[androidx.profileinstaller:profileinstaller:1.3.1] AndroidManifest.xml:44:17-85
126-->[androidx.profileinstaller:profileinstaller:1.3.1] AndroidManifest.xml:44:25-82
127            </intent-filter>
128            <intent-filter>
128-->[androidx.profileinstaller:profileinstaller:1.3.1] AndroidManifest.xml:46:13-48:29
129                <action android:name="androidx.profileinstaller.action.SAVE_PROFILE" />
129-->[androidx.profileinstaller:profileinstaller:1.3.1] AndroidManifest.xml:47:17-88
129-->[androidx.profileinstaller:profileinstaller:1.3.1] AndroidManifest.xml:47:25-85
130            </intent-filter>
131            <intent-filter>
131-->[androidx.profileinstaller:profileinstaller:1.3.1] AndroidManifest.xml:49:13-51:29
132                <action android:name="androidx.profileinstaller.action.BENCHMARK_OPERATION" />
132-->[androidx.profileinstaller:profileinstaller:1.3.1] AndroidManifest.xml:50:17-95
132-->[androidx.profileinstaller:profileinstaller:1.3.1] AndroidManifest.xml:50:25-92
133            </intent-filter>
134        </receiver>
135    </application>
136
137</manifest>